<?xml version="1.0" encoding="UTF-8"?>
<!-- Generated by org.testng.reporters.JUnitXMLReporter -->
<testsuite hostname="DESKTOP-V3FP7B6" ignored="0" name="Default test" tests="3" failures="0" timestamp="03 Mar 2020 06:55:37 GMT" time="38.71" errors="0">
  <testcase name="adminLogin" time="13.73" classname="com.jbk.StringType_DataDriven_2DArray"/>
  <testcase name="adminLogin" time="12.743" classname="com.jbk.StringType_DataDriven_2DArray"/>
  <testcase name="adminLogin" time="12.04" classname="com.jbk.StringType_DataDriven_2DArray"/>
</testsuite> <!-- Default test -->
